<?xml version="1.0" encoding="UTF-8"?>
<testng-results skipped="0" failed="0" ignored="0" total="1" passed="1">
  <reporter-output>
  </reporter-output>
  <suite name="Surefire suite" duration-ms="112" started-at="2018-12-31T15:14:27Z" finished-at="2018-12-31T15:14:27Z">
    <groups>
    </groups>
    <test name="Surefire test" duration-ms="112" started-at="2018-12-31T15:14:27Z" finished-at="2018-12-31T15:14:27Z">
      <class name="MySeleniumGroupid.MySelenium.AppTest">
        <test-method status="PASS" signature="shouldAnswerWithTrue()" name="shouldAnswerWithTrue" duration-ms="26" started-at="2018-12-31T15:14:27Z" finished-at="2018-12-31T15:14:27Z">
          <reporter-output>
          </reporter-output>
        </test-method> <!-- shouldAnswerWithTrue -->
      </class> <!-- MySeleniumGroupid.MySelenium.AppTest -->
    </test> <!-- Surefire test -->
  </suite> <!-- Surefire suite -->
</testng-results>
